have_func: checking for random()... -------------------- no

"gcc -o conftest.exe -ID:/ProgramTools/Ruby2_0/Ruby200/include/ruby-2.0.0/i386-mingw32 -ID:/ProgramTools/Ruby2_0/Ruby200/include/ruby-2.0.0/ruby/backward -ID:/ProgramTools/Ruby2_0/Ruby200/include/ruby-2.0.0 -I. -DFD_SETSIZE=2048 -D_WIN32_WINNT=0x0501 -D_FILE_OFFSET_BITS=64   -O3 -fno-omit-frame-pointer -fno-fast-math -g -Wall -Wextra -Wno-unused-parameter -Wno-parentheses -Wno-long-long -Wno-missing-field-initializers -Wunused-variable -Wpointer-arith -Wwrite-strings -Wdeclaration-after-statement -Wimplicit-function-declaration conftest.c  -L. -LD:/ProgramTools/Ruby2_0/Ruby200/lib -L.      -lmsvcrt-ruby200  -lshell32 -lws2_32 -limagehlp -lshlwapi  "
checked program was:
/* begin */
1: #include "ruby.h"
2: 
3: #include <winsock2.h>
4: #include <windows.h>
5: int main(int argc, char **argv)
6: {
7:   return 0;
8: }
/* end */

"gcc -o conftest.exe -ID:/ProgramTools/Ruby2_0/Ruby200/include/ruby-2.0.0/i386-mingw32 -ID:/ProgramTools/Ruby2_0/Ruby200/include/ruby-2.0.0/ruby/backward -ID:/ProgramTools/Ruby2_0/Ruby200/include/ruby-2.0.0 -I. -DFD_SETSIZE=2048 -D_WIN32_WINNT=0x0501 -D_FILE_OFFSET_BITS=64   -O3 -fno-omit-frame-pointer -fno-fast-math -g -Wall -Wextra -Wno-unused-parameter -Wno-parentheses -Wno-long-long -Wno-missing-field-initializers -Wunused-variable -Wpointer-arith -Wwrite-strings -Wdeclaration-after-statement -Wimplicit-function-declaration conftest.c  -L. -LD:/ProgramTools/Ruby2_0/Ruby200/lib -L.      -lmsvcrt-ruby200  -lshell32 -lws2_32 -limagehlp -lshlwapi  "
conftest.c: In function 't':
conftest.c:8:57: error: 'random' undeclared (first use in this function)
conftest.c:8:57: note: each undeclared identifier is reported only once for each function it appears in
conftest.c:8:32: warning: variable 'p' set but not used [-Wunused-but-set-variable]
checked program was:
/* begin */
 1: #include "ruby.h"
 2: 
 3: #include <winsock2.h>
 4: #include <windows.h>
 5: 
 6: /*top*/
 7: extern int t(void);
 8: int t(void) { void ((*volatile p)()); p = (void ((*)()))random; return 0; }
 9: int main(int argc, char **argv)
10: {
11:   if (argc > 1000000) {
12:     printf("%p", &t);
13:   }
14: 
15:   return 0;
16: }
/* end */

"gcc -o conftest.exe -ID:/ProgramTools/Ruby2_0/Ruby200/include/ruby-2.0.0/i386-mingw32 -ID:/ProgramTools/Ruby2_0/Ruby200/include/ruby-2.0.0/ruby/backward -ID:/ProgramTools/Ruby2_0/Ruby200/include/ruby-2.0.0 -I. -DFD_SETSIZE=2048 -D_WIN32_WINNT=0x0501 -D_FILE_OFFSET_BITS=64   -O3 -fno-omit-frame-pointer -fno-fast-math -g -Wall -Wextra -Wno-unused-parameter -Wno-parentheses -Wno-long-long -Wno-missing-field-initializers -Wunused-variable -Wpointer-arith -Wwrite-strings -Wdeclaration-after-statement -Wimplicit-function-declaration conftest.c  -L. -LD:/ProgramTools/Ruby2_0/Ruby200/lib -L.      -lmsvcrt-ruby200  -lshell32 -lws2_32 -limagehlp -lshlwapi  "
conftest.c: In function 't':
conftest.c:8:1: warning: implicit declaration of function 'random' [-Wimplicit-function-declaration]
C:\Users\s-c-j\AppData\Local\Temp\ccbowsd2.o: In function `t':
D:\ProgramTools\Ruby2_0\Ruby200\lib\ruby\gems\2.0.0\gems\rdiscount-2.2.0.1\ext/conftest.c:8: undefined reference to `random'
collect2.exe: error: ld returned 1 exit status
checked program was:
/* begin */
 1: #include "ruby.h"
 2: 
 3: #include <winsock2.h>
 4: #include <windows.h>
 5: 
 6: /*top*/
 7: extern int t(void);
 8: int t(void) { random(); return 0; }
 9: int main(int argc, char **argv)
10: {
11:   if (argc > 1000000) {
12:     printf("%p", &t);
13:   }
14: 
15:   return 0;
16: }
/* end */

--------------------

have_func: checking for srandom()... -------------------- no

"gcc -o conftest.exe -ID:/ProgramTools/Ruby2_0/Ruby200/include/ruby-2.0.0/i386-mingw32 -ID:/ProgramTools/Ruby2_0/Ruby200/include/ruby-2.0.0/ruby/backward -ID:/ProgramTools/Ruby2_0/Ruby200/include/ruby-2.0.0 -I. -DFD_SETSIZE=2048 -D_WIN32_WINNT=0x0501 -D_FILE_OFFSET_BITS=64   -O3 -fno-omit-frame-pointer -fno-fast-math -g -Wall -Wextra -Wno-unused-parameter -Wno-parentheses -Wno-long-long -Wno-missing-field-initializers -Wunused-variable -Wpointer-arith -Wwrite-strings -Wdeclaration-after-statement -Wimplicit-function-declaration conftest.c  -L. -LD:/ProgramTools/Ruby2_0/Ruby200/lib -L.      -lmsvcrt-ruby200  -lshell32 -lws2_32 -limagehlp -lshlwapi  "
conftest.c: In function 't':
conftest.c:8:57: error: 'srandom' undeclared (first use in this function)
conftest.c:8:57: note: each undeclared identifier is reported only once for each function it appears in
conftest.c:8:32: warning: variable 'p' set but not used [-Wunused-but-set-variable]
checked program was:
/* begin */
 1: #include "ruby.h"
 2: 
 3: #include <winsock2.h>
 4: #include <windows.h>
 5: 
 6: /*top*/
 7: extern int t(void);
 8: int t(void) { void ((*volatile p)()); p = (void ((*)()))srandom; return 0; }
 9: int main(int argc, char **argv)
10: {
11:   if (argc > 1000000) {
12:     printf("%p", &t);
13:   }
14: 
15:   return 0;
16: }
/* end */

"gcc -o conftest.exe -ID:/ProgramTools/Ruby2_0/Ruby200/include/ruby-2.0.0/i386-mingw32 -ID:/ProgramTools/Ruby2_0/Ruby200/include/ruby-2.0.0/ruby/backward -ID:/ProgramTools/Ruby2_0/Ruby200/include/ruby-2.0.0 -I. -DFD_SETSIZE=2048 -D_WIN32_WINNT=0x0501 -D_FILE_OFFSET_BITS=64   -O3 -fno-omit-frame-pointer -fno-fast-math -g -Wall -Wextra -Wno-unused-parameter -Wno-parentheses -Wno-long-long -Wno-missing-field-initializers -Wunused-variable -Wpointer-arith -Wwrite-strings -Wdeclaration-after-statement -Wimplicit-function-declaration conftest.c  -L. -LD:/ProgramTools/Ruby2_0/Ruby200/lib -L.      -lmsvcrt-ruby200  -lshell32 -lws2_32 -limagehlp -lshlwapi  "
conftest.c: In function 't':
conftest.c:8:1: warning: implicit declaration of function 'srandom' [-Wimplicit-function-declaration]
C:\Users\s-c-j\AppData\Local\Temp\ccSISWFi.o: In function `t':
D:\ProgramTools\Ruby2_0\Ruby200\lib\ruby\gems\2.0.0\gems\rdiscount-2.2.0.1\ext/conftest.c:8: undefined reference to `srandom'
collect2.exe: error: ld returned 1 exit status
checked program was:
/* begin */
 1: #include "ruby.h"
 2: 
 3: #include <winsock2.h>
 4: #include <windows.h>
 5: 
 6: /*top*/
 7: extern int t(void);
 8: int t(void) { srandom(); return 0; }
 9: int main(int argc, char **argv)
10: {
11:   if (argc > 1000000) {
12:     printf("%p", &t);
13:   }
14: 
15:   return 0;
16: }
/* end */

--------------------

have_func: checking for rand()... -------------------- yes

"gcc -o conftest.exe -ID:/ProgramTools/Ruby2_0/Ruby200/include/ruby-2.0.0/i386-mingw32 -ID:/ProgramTools/Ruby2_0/Ruby200/include/ruby-2.0.0/ruby/backward -ID:/ProgramTools/Ruby2_0/Ruby200/include/ruby-2.0.0 -I. -DFD_SETSIZE=2048 -D_WIN32_WINNT=0x0501 -D_FILE_OFFSET_BITS=64   -O3 -fno-omit-frame-pointer -fno-fast-math -g -Wall -Wextra -Wno-unused-parameter -Wno-parentheses -Wno-long-long -Wno-missing-field-initializers -Wunused-variable -Wpointer-arith -Wwrite-strings -Wdeclaration-after-statement -Wimplicit-function-declaration conftest.c  -L. -LD:/ProgramTools/Ruby2_0/Ruby200/lib -L.      -lmsvcrt-ruby200  -lshell32 -lws2_32 -limagehlp -lshlwapi  "
conftest.c: In function 't':
conftest.c:8:32: warning: variable 'p' set but not used [-Wunused-but-set-variable]
checked program was:
/* begin */
 1: #include "ruby.h"
 2: 
 3: #include <winsock2.h>
 4: #include <windows.h>
 5: 
 6: /*top*/
 7: extern int t(void);
 8: int t(void) { void ((*volatile p)()); p = (void ((*)()))rand; return 0; }
 9: int main(int argc, char **argv)
10: {
11:   if (argc > 1000000) {
12:     printf("%p", &t);
13:   }
14: 
15:   return 0;
16: }
/* end */

--------------------

have_func: checking for srand()... -------------------- yes

"gcc -o conftest.exe -ID:/ProgramTools/Ruby2_0/Ruby200/include/ruby-2.0.0/i386-mingw32 -ID:/ProgramTools/Ruby2_0/Ruby200/include/ruby-2.0.0/ruby/backward -ID:/ProgramTools/Ruby2_0/Ruby200/include/ruby-2.0.0 -I. -DFD_SETSIZE=2048 -D_WIN32_WINNT=0x0501 -D_FILE_OFFSET_BITS=64   -O3 -fno-omit-frame-pointer -fno-fast-math -g -Wall -Wextra -Wno-unused-parameter -Wno-parentheses -Wno-long-long -Wno-missing-field-initializers -Wunused-variable -Wpointer-arith -Wwrite-strings -Wdeclaration-after-statement -Wimplicit-function-declaration conftest.c  -L. -LD:/ProgramTools/Ruby2_0/Ruby200/lib -L.      -lmsvcrt-ruby200  -lshell32 -lws2_32 -limagehlp -lshlwapi  "
conftest.c: In function 't':
conftest.c:8:32: warning: variable 'p' set but not used [-Wunused-but-set-variable]
checked program was:
/* begin */
 1: #include "ruby.h"
 2: 
 3: #include <winsock2.h>
 4: #include <windows.h>
 5: 
 6: /*top*/
 7: extern int t(void);
 8: int t(void) { void ((*volatile p)()); p = (void ((*)()))srand; return 0; }
 9: int main(int argc, char **argv)
10: {
11:   if (argc > 1000000) {
12:     printf("%p", &t);
13:   }
14: 
15:   return 0;
16: }
/* end */

--------------------

check_sizeof: checking size of unsigned long... -------------------- 4

"gcc -ID:/ProgramTools/Ruby2_0/Ruby200/include/ruby-2.0.0/i386-mingw32 -ID:/ProgramTools/Ruby2_0/Ruby200/include/ruby-2.0.0/ruby/backward -ID:/ProgramTools/Ruby2_0/Ruby200/include/ruby-2.0.0 -I. -DFD_SETSIZE=2048 -D_WIN32_WINNT=0x0501 -D_FILE_OFFSET_BITS=64   -O3 -fno-omit-frame-pointer -fno-fast-math -g -Wall -Wextra -Wno-unused-parameter -Wno-parentheses -Wno-long-long -Wno-missing-field-initializers -Wunused-variable -Wpointer-arith -Wwrite-strings -Wdeclaration-after-statement -Wimplicit-function-declaration   -c conftest.c"
conftest.c:9:5: error: size of array 'conftest_const' is negative
checked program was:
/* begin */
1: #include "ruby.h"
2: 
3: #include <winsock2.h>
4: #include <windows.h>
5: typedef unsigned long rbcv_typedef_;
6: static rbcv_typedef_ *rbcv_ptr_;
7: 
8: /*top*/
9: int conftest_const[(sizeof((*rbcv_ptr_)) < 0) ? 1 : -1];
/* end */

"gcc -o conftest.exe -ID:/ProgramTools/Ruby2_0/Ruby200/include/ruby-2.0.0/i386-mingw32 -ID:/ProgramTools/Ruby2_0/Ruby200/include/ruby-2.0.0/ruby/backward -ID:/ProgramTools/Ruby2_0/Ruby200/include/ruby-2.0.0 -I. -DFD_SETSIZE=2048 -D_WIN32_WINNT=0x0501 -D_FILE_OFFSET_BITS=64   -O3 -fno-omit-frame-pointer -fno-fast-math -g -Wall -Wextra -Wno-unused-parameter -Wno-parentheses -Wno-long-long -Wno-missing-field-initializers -Wunused-variable -Wpointer-arith -Wwrite-strings -Wdeclaration-after-statement -Wimplicit-function-declaration conftest.c  -L. -LD:/ProgramTools/Ruby2_0/Ruby200/lib -L.      -lmsvcrt-ruby200  -lshell32 -lws2_32 -limagehlp -lshlwapi  "
checked program was:
/* begin */
 1: #include "ruby.h"
 2: 
 3: #include <winsock2.h>
 4: #include <windows.h>
 5: typedef unsigned long rbcv_typedef_;
 6: static rbcv_typedef_ *rbcv_ptr_;
 7: 
 8: #include <stdio.h>
 9: /*top*/
10: typedef unsigned
11: #ifdef PRI_LL_PREFIX
12: #define PRI_CONFTEST_PREFIX PRI_LL_PREFIX
13: LONG_LONG
14: #else
15: #define PRI_CONFTEST_PREFIX "l"
16: long
17: #endif
18: conftest_type;
19: conftest_type conftest_const = (conftest_type)(sizeof((*rbcv_ptr_)));
20: int main() {printf("%"PRI_CONFTEST_PREFIX"u\n", conftest_const); return 0;}
/* end */

./conftest |
--------------------

check_sizeof: checking size of unsigned int... -------------------- 4

"gcc -ID:/ProgramTools/Ruby2_0/Ruby200/include/ruby-2.0.0/i386-mingw32 -ID:/ProgramTools/Ruby2_0/Ruby200/include/ruby-2.0.0/ruby/backward -ID:/ProgramTools/Ruby2_0/Ruby200/include/ruby-2.0.0 -I. -DFD_SETSIZE=2048 -D_WIN32_WINNT=0x0501 -D_FILE_OFFSET_BITS=64   -O3 -fno-omit-frame-pointer -fno-fast-math -g -Wall -Wextra -Wno-unused-parameter -Wno-parentheses -Wno-long-long -Wno-missing-field-initializers -Wunused-variable -Wpointer-arith -Wwrite-strings -Wdeclaration-after-statement -Wimplicit-function-declaration   -c conftest.c"
conftest.c:9:5: error: size of array 'conftest_const' is negative
checked program was:
/* begin */
1: #include "ruby.h"
2: 
3: #include <winsock2.h>
4: #include <windows.h>
5: typedef unsigned int rbcv_typedef_;
6: static rbcv_typedef_ *rbcv_ptr_;
7: 
8: /*top*/
9: int conftest_const[(sizeof((*rbcv_ptr_)) < 0) ? 1 : -1];
/* end */

"gcc -o conftest.exe -ID:/ProgramTools/Ruby2_0/Ruby200/include/ruby-2.0.0/i386-mingw32 -ID:/ProgramTools/Ruby2_0/Ruby200/include/ruby-2.0.0/ruby/backward -ID:/ProgramTools/Ruby2_0/Ruby200/include/ruby-2.0.0 -I. -DFD_SETSIZE=2048 -D_WIN32_WINNT=0x0501 -D_FILE_OFFSET_BITS=64   -O3 -fno-omit-frame-pointer -fno-fast-math -g -Wall -Wextra -Wno-unused-parameter -Wno-parentheses -Wno-long-long -Wno-missing-field-initializers -Wunused-variable -Wpointer-arith -Wwrite-strings -Wdeclaration-after-statement -Wimplicit-function-declaration conftest.c  -L. -LD:/ProgramTools/Ruby2_0/Ruby200/lib -L.      -lmsvcrt-ruby200  -lshell32 -lws2_32 -limagehlp -lshlwapi  "
checked program was:
/* begin */
 1: #include "ruby.h"
 2: 
 3: #include <winsock2.h>
 4: #include <windows.h>
 5: typedef unsigned int rbcv_typedef_;
 6: static rbcv_typedef_ *rbcv_ptr_;
 7: 
 8: #include <stdio.h>
 9: /*top*/
10: typedef unsigned
11: #ifdef PRI_LL_PREFIX
12: #define PRI_CONFTEST_PREFIX PRI_LL_PREFIX
13: LONG_LONG
14: #else
15: #define PRI_CONFTEST_PREFIX "l"
16: long
17: #endif
18: conftest_type;
19: conftest_type conftest_const = (conftest_type)(sizeof((*rbcv_ptr_)));
20: int main() {printf("%"PRI_CONFTEST_PREFIX"u\n", conftest_const); return 0;}
/* end */

./conftest |
--------------------

check_sizeof: checking size of unsigned short... -------------------- 2

"gcc -ID:/ProgramTools/Ruby2_0/Ruby200/include/ruby-2.0.0/i386-mingw32 -ID:/ProgramTools/Ruby2_0/Ruby200/include/ruby-2.0.0/ruby/backward -ID:/ProgramTools/Ruby2_0/Ruby200/include/ruby-2.0.0 -I. -DFD_SETSIZE=2048 -D_WIN32_WINNT=0x0501 -D_FILE_OFFSET_BITS=64   -O3 -fno-omit-frame-pointer -fno-fast-math -g -Wall -Wextra -Wno-unused-parameter -Wno-parentheses -Wno-long-long -Wno-missing-field-initializers -Wunused-variable -Wpointer-arith -Wwrite-strings -Wdeclaration-after-statement -Wimplicit-function-declaration   -c conftest.c"
conftest.c:9:5: error: size of array 'conftest_const' is negative
checked program was:
/* begin */
1: #include "ruby.h"
2: 
3: #include <winsock2.h>
4: #include <windows.h>
5: typedef unsigned short rbcv_typedef_;
6: static rbcv_typedef_ *rbcv_ptr_;
7: 
8: /*top*/
9: int conftest_const[(sizeof((*rbcv_ptr_)) < 0) ? 1 : -1];
/* end */

"gcc -o conftest.exe -ID:/ProgramTools/Ruby2_0/Ruby200/include/ruby-2.0.0/i386-mingw32 -ID:/ProgramTools/Ruby2_0/Ruby200/include/ruby-2.0.0/ruby/backward -ID:/ProgramTools/Ruby2_0/Ruby200/include/ruby-2.0.0 -I. -DFD_SETSIZE=2048 -D_WIN32_WINNT=0x0501 -D_FILE_OFFSET_BITS=64   -O3 -fno-omit-frame-pointer -fno-fast-math -g -Wall -Wextra -Wno-unused-parameter -Wno-parentheses -Wno-long-long -Wno-missing-field-initializers -Wunused-variable -Wpointer-arith -Wwrite-strings -Wdeclaration-after-statement -Wimplicit-function-declaration conftest.c  -L. -LD:/ProgramTools/Ruby2_0/Ruby200/lib -L.      -lmsvcrt-ruby200  -lshell32 -lws2_32 -limagehlp -lshlwapi  "
checked program was:
/* begin */
 1: #include "ruby.h"
 2: 
 3: #include <winsock2.h>
 4: #include <windows.h>
 5: typedef unsigned short rbcv_typedef_;
 6: static rbcv_typedef_ *rbcv_ptr_;
 7: 
 8: #include <stdio.h>
 9: /*top*/
10: typedef unsigned
11: #ifdef PRI_LL_PREFIX
12: #define PRI_CONFTEST_PREFIX PRI_LL_PREFIX
13: LONG_LONG
14: #else
15: #define PRI_CONFTEST_PREFIX "l"
16: long
17: #endif
18: conftest_type;
19: conftest_type conftest_const = (conftest_type)(sizeof((*rbcv_ptr_)));
20: int main() {printf("%"PRI_CONFTEST_PREFIX"u\n", conftest_const); return 0;}
/* end */

./conftest |
--------------------

